

Microchip MPLAB XC8 Assembler V2.45 build 20230818022343 
                                                                                               Wed Nov 08 19:54:10 2023

Microchip MPLAB XC8 C Compiler v2.45 (Free license) build 20230818022343 Og9 
     1                           	processor	16F877A
     2                           	pagewidth 120
     3                           	opt	flic
     4                           	psect	cinit,global,class=CODE,merge=1,delta=2
     5                           	psect	cstackCOMMON,global,class=COMMON,space=1,delta=1,noexec
     6                           	psect	maintext,global,class=CODE,split=1,delta=2
     7                           	psect	text1,local,class=CODE,merge=1,delta=2
     8                           	psect	intentry,global,class=CODE,delta=2
     9                           	psect	config,global,abs,ovrld,class=CONFIG,space=4,delta=2,noexec
    10                           	dabs	1,0x7E,2
    11     0000                     
    12                           ; Generated 18/08/2023 GMT
    13                           ; 
    14                           ; Copyright © 2023, Microchip Technology Inc. and its subsidiaries ("Microchip")
    15                           ; All rights reserved.
    16                           ; 
    17                           ; This software is developed by Microchip Technology Inc. and its subsidiaries ("Microch
      +                          ip").
    18                           ; 
    19                           ; Redistribution and use in source and binary forms, with or without modification, are
    20                           ; permitted provided that the following conditions are met:
    21                           ; 
    22                           ;     1. Redistributions of source code must retain the above copyright notice, this lis
      +                          t of
    23                           ;        conditions and the following disclaimer.
    24                           ; 
    25                           ;     2. Redistributions in binary form must reproduce the above copyright notice, this 
      +                          list
    26                           ;        of conditions and the following disclaimer in the documentation and/or other
    27                           ;        materials provided with the distribution. Publication is not required when
    28                           ;        this file is used in an embedded application.
    29                           ; 
    30                           ;     3. Microchip's name may not be used to endorse or promote products derived from th
      +                          is
    31                           ;        software without specific prior written permission.
    32                           ; 
    33                           ; THIS SOFTWARE IS PROVIDED BY MICROCHIP "AS IS" AND ANY EXPRESS OR IMPLIED WARRANTIES,
    34                           ; INCLUDING, BUT NOT LIMITED TO, THE IMPLIED WARRANTIES OF MERCHANTABILITY AND FITNESS F
      +                          OR
    35                           ; PURPOSE ARE DISCLAIMED.  IN NO EVENT SHALL MICROCHIP BE LIABLE FOR ANY DIRECT, INDIREC
      +                          T,
    36                           ; INCIDENTAL, SPECIAL, EXEMPLARY, OR CONSEQUENTIAL DAMAGES (INCLUDING BUT NOT LIMITED TO
    37                           ; PROCUREMENT OF SUBSTITUTE GOODS OR SERVICES; LOSS OF USE, DATA OR PROFITS; OR BUSINESS
    38                           ; INTERRUPTION) HOWSOEVER CAUSED AND ON ANY THEORY OF LIABILITY, WHETHER IN CONTRACT, ST
      +                          RICT
    39                           ; LIABILITY, OR TORT (INCLUDING NEGLIGENCE OR OTHERWISE) ARISING IN ANY WAY OUT OF THE U
      +                          SE OF
    40                           ; THIS SOFTWARE, EVEN IF ADVISED OF THE POSSIBILITY OF SUCH DAMAGE.
    41                           ; 
    42                           ; 
    43                           ; Code-generator required, PIC16F877A Definitions
    44                           ; 
    45                           ; SFR Addresses
    46     0000                     	;# 
    47     0001                     	;# 
    48     0002                     	;# 
    49     0003                     	;# 
    50     0004                     	;# 
    51     0005                     	;# 
    52     0006                     	;# 
    53     0007                     	;# 
    54     0008                     	;# 
    55     0009                     	;# 
    56     000A                     	;# 
    57     000B                     	;# 
    58     000C                     	;# 
    59     000D                     	;# 
    60     000E                     	;# 
    61     000E                     	;# 
    62     000F                     	;# 
    63     0010                     	;# 
    64     0011                     	;# 
    65     0012                     	;# 
    66     0013                     	;# 
    67     0014                     	;# 
    68     0015                     	;# 
    69     0015                     	;# 
    70     0016                     	;# 
    71     0017                     	;# 
    72     0018                     	;# 
    73     0019                     	;# 
    74     001A                     	;# 
    75     001B                     	;# 
    76     001B                     	;# 
    77     001C                     	;# 
    78     001D                     	;# 
    79     001E                     	;# 
    80     001F                     	;# 
    81     0081                     	;# 
    82     0085                     	;# 
    83     0086                     	;# 
    84     0087                     	;# 
    85     0088                     	;# 
    86     0089                     	;# 
    87     008C                     	;# 
    88     008D                     	;# 
    89     008E                     	;# 
    90     0091                     	;# 
    91     0092                     	;# 
    92     0093                     	;# 
    93     0094                     	;# 
    94     0098                     	;# 
    95     0099                     	;# 
    96     009C                     	;# 
    97     009D                     	;# 
    98     009E                     	;# 
    99     009F                     	;# 
   100     010C                     	;# 
   101     010D                     	;# 
   102     010E                     	;# 
   103     010F                     	;# 
   104     018C                     	;# 
   105     018D                     	;# 
   106     0000                     	;# 
   107     0001                     	;# 
   108     0002                     	;# 
   109     0003                     	;# 
   110     0004                     	;# 
   111     0005                     	;# 
   112     0006                     	;# 
   113     0007                     	;# 
   114     0008                     	;# 
   115     0009                     	;# 
   116     000A                     	;# 
   117     000B                     	;# 
   118     000C                     	;# 
   119     000D                     	;# 
   120     000E                     	;# 
   121     000E                     	;# 
   122     000F                     	;# 
   123     0010                     	;# 
   124     0011                     	;# 
   125     0012                     	;# 
   126     0013                     	;# 
   127     0014                     	;# 
   128     0015                     	;# 
   129     0015                     	;# 
   130     0016                     	;# 
   131     0017                     	;# 
   132     0018                     	;# 
   133     0019                     	;# 
   134     001A                     	;# 
   135     001B                     	;# 
   136     001B                     	;# 
   137     001C                     	;# 
   138     001D                     	;# 
   139     001E                     	;# 
   140     001F                     	;# 
   141     0081                     	;# 
   142     0085                     	;# 
   143     0086                     	;# 
   144     0087                     	;# 
   145     0088                     	;# 
   146     0089                     	;# 
   147     008C                     	;# 
   148     008D                     	;# 
   149     008E                     	;# 
   150     0091                     	;# 
   151     0092                     	;# 
   152     0093                     	;# 
   153     0094                     	;# 
   154     0098                     	;# 
   155     0099                     	;# 
   156     009C                     	;# 
   157     009D                     	;# 
   158     009E                     	;# 
   159     009F                     	;# 
   160     010C                     	;# 
   161     010D                     	;# 
   162     010E                     	;# 
   163     010F                     	;# 
   164     018C                     	;# 
   165     018D                     	;# 
   166     0001                     _TMR0	set	1
   167     0006                     _PORTB	set	6
   168     0005                     _PORTA	set	5
   169     005D                     _T0IE	set	93
   170     005F                     _GIE	set	95
   171     005A                     _T0IF	set	90
   172     0086                     _TRISB	set	134
   173     0085                     _TRISA	set	133
   174     040A                     _PS2	set	1034
   175     0409                     _PS1	set	1033
   176     0408                     _PS0	set	1032
   177     040B                     _PSA	set	1035
   178     040C                     _T0SE	set	1036
   179     040D                     _T0CS	set	1037
   180                           
   181                           	psect	cinit
   182     0011                     start_initialization:	
   183                           ; #config settings
   184                           
   185     0011                     __initialization:
   186     0011                     end_of_initialization:	
   187                           ;End of C runtime variable initialization code
   188                           
   189     0011                     __end_of__initialization:
   190     0011  0183               	clrf	3
   191     0012  120A  118A  282F   	ljmp	_main	;jump to C main() function
   192                           
   193                           	psect	cstackCOMMON
   194     0070                     __pcstackCOMMON:
   195     0070                     ?_main:
   196     0070                     ?_kesme:	
   197                           ; 1 bytes @ 0x0
   198                           
   199     0070                     ??_kesme:	
   200                           ; 1 bytes @ 0x0
   201                           
   202                           
   203                           ; 1 bytes @ 0x0
   204     0070                     	ds	3
   205     0073                     kesme@i:
   206                           
   207                           ; 1 bytes @ 0x3
   208     0073                     	ds	1
   209     0074                     ??_main:
   210                           
   211                           	psect	maintext
   212     002F                     __pmaintext:	
   213                           ; 1 bytes @ 0x4
   214 ;;
   215 ;;Main: autosize = 0, tempsize = 0, incstack = 0, save=0
   216 ;;
   217 ;; *************** function _main *****************
   218 ;; Defined at:
   219 ;;		line 26 in file "TIMER_KESME_ORNEK.c"
   220 ;; Parameters:    Size  Location     Type
   221 ;;		None
   222 ;; Auto vars:     Size  Location     Type
   223 ;;		None
   224 ;; Return value:  Size  Location     Type
   225 ;;                  1    wreg      void 
   226 ;; Registers used:
   227 ;;		wreg, status,2
   228 ;; Tracked objects:
   229 ;;		On entry : B00/0
   230 ;;		On exit  : A00/0
   231 ;;		Unchanged: 800/0
   232 ;; Data sizes:     COMMON   BANK0   BANK1   BANK3   BANK2
   233 ;;      Params:         0       0       0       0       0
   234 ;;      Locals:         0       0       0       0       0
   235 ;;      Temps:          0       0       0       0       0
   236 ;;      Totals:         0       0       0       0       0
   237 ;;Total ram usage:        0 bytes
   238 ;; Hardware stack levels required when called: 1
   239 ;; This function calls:
   240 ;;		Nothing
   241 ;; This function is called by:
   242 ;;		Startup code after reset
   243 ;; This function uses a non-reentrant model
   244 ;;
   245                           
   246     002F                     _main:	
   247                           ;psect for function _main
   248                           
   249                           
   250                           ;TIMER_KESME_ORNEK.c: 28: TRISA= 0x10;
   251                           
   252                           ;incstack = 0
   253                           ; Regs used in _main: [wreg+status,2]
   254     002F  3010               	movlw	16
   255     0030  1683               	bsf	3,5	;RP0=1, select bank1
   256     0031  0085               	movwf	5	;volatile
   257                           
   258                           ;TIMER_KESME_ORNEK.c: 29: TRISB = 0x00;
   259     0032  0186               	clrf	6	;volatile
   260                           
   261                           ;TIMER_KESME_ORNEK.c: 31: PORTA= 0x00;
   262     0033  1283               	bcf	3,5	;RP0=0, select bank0
   263     0034  0185               	clrf	5	;volatile
   264                           
   265                           ;TIMER_KESME_ORNEK.c: 32: PORTB= 0x00;
   266     0035  0186               	clrf	6	;volatile
   267                           
   268                           ;TIMER_KESME_ORNEK.c: 34: TMR0 = -1;
   269     0036  30FF               	movlw	255
   270     0037  0081               	movwf	1	;volatile
   271                           
   272                           ;TIMER_KESME_ORNEK.c: 35: T0CS = 1;
   273     0038  1683               	bsf	3,5	;RP0=1, select bank1
   274     0039  1681               	bsf	1,5	;volatile
   275                           
   276                           ;TIMER_KESME_ORNEK.c: 36: T0SE = 0;
   277     003A  1201               	bcf	1,4	;volatile
   278                           
   279                           ;TIMER_KESME_ORNEK.c: 37: PSA = 0;
   280     003B  1181               	bcf	1,3	;volatile
   281                           
   282                           ;TIMER_KESME_ORNEK.c: 39: PS0 = 0;
   283     003C  1001               	bcf	1,0	;volatile
   284                           
   285                           ;TIMER_KESME_ORNEK.c: 40: PS1 = 0;
   286     003D  1081               	bcf	1,1	;volatile
   287                           
   288                           ;TIMER_KESME_ORNEK.c: 41: PS2 = 0;
   289     003E  1101               	bcf	1,2	;volatile
   290                           
   291                           ;TIMER_KESME_ORNEK.c: 43: T0IF = 0;
   292     003F  110B               	bcf	11,2	;volatile
   293                           
   294                           ;TIMER_KESME_ORNEK.c: 45: GIE = 1;
   295     0040  178B               	bsf	11,7	;volatile
   296                           
   297                           ;TIMER_KESME_ORNEK.c: 46: T0IE = 1;
   298     0041  168B               	bsf	11,5	;volatile
   299     0042                     l33:	
   300                           ;TIMER_KESME_ORNEK.c: 49: while(1);
   301                           
   302     0042  2842               	goto	l33
   303     0043                     __end_of_main:
   304                           
   305                           	psect	text1
   306     0015                     __ptext1:	
   307 ;; *************** function _kesme *****************
   308 ;; Defined at:
   309 ;;		line 55 in file "TIMER_KESME_ORNEK.c"
   310 ;; Parameters:    Size  Location     Type
   311 ;;		None
   312 ;; Auto vars:     Size  Location     Type
   313 ;;  i               1    3[COMMON] unsigned char 
   314 ;; Return value:  Size  Location     Type
   315 ;;                  1    wreg      void 
   316 ;; Registers used:
   317 ;;		wreg, status,2, status,0, btemp+1
   318 ;; Tracked objects:
   319 ;;		On entry : 0/0
   320 ;;		On exit  : 0/0
   321 ;;		Unchanged: 0/0
   322 ;; Data sizes:     COMMON   BANK0   BANK1   BANK3   BANK2
   323 ;;      Params:         0       0       0       0       0
   324 ;;      Locals:         1       0       0       0       0
   325 ;;      Temps:          3       0       0       0       0
   326 ;;      Totals:         4       0       0       0       0
   327 ;;Total ram usage:        4 bytes
   328 ;; Hardware stack levels used: 1
   329 ;; This function calls:
   330 ;;		Nothing
   331 ;; This function is called by:
   332 ;;		Interrupt level 1
   333 ;; This function uses a non-reentrant model
   334 ;;
   335                           
   336     0015                     _kesme:	
   337                           ;psect for function _kesme
   338                           
   339                           
   340                           ;TIMER_KESME_ORNEK.c: 57: char i;;TIMER_KESME_ORNEK.c: 58: if (T0IF)
   341     0015  1D0B               	btfss	11,2	;volatile
   342     0016  2826               	goto	i1l43
   343                           
   344                           ;TIMER_KESME_ORNEK.c: 59: {;TIMER_KESME_ORNEK.c: 60: i++;
   345     0017  3001               	movlw	1
   346     0018  00FF               	movwf	127
   347     0019  087F               	movf	127,w
   348     001A  07F3               	addwf	kesme@i,f
   349                           
   350                           ;TIMER_KESME_ORNEK.c: 61: PORTB = i;
   351     001B  0873               	movf	kesme@i,w
   352     001C  1283               	bcf	3,5	;RP0=0, select bank0
   353     001D  1303               	bcf	3,6	;RP1=0, select bank0
   354     001E  0086               	movwf	6	;volatile
   355                           
   356                           ;TIMER_KESME_ORNEK.c: 62: T0IF = 0;
   357     001F  110B               	bcf	11,2	;volatile
   358                           
   359                           ;TIMER_KESME_ORNEK.c: 63: TMR0 = -1;
   360     0020  30FF               	movlw	255
   361     0021  0081               	movwf	1	;volatile
   362                           
   363                           ;TIMER_KESME_ORNEK.c: 65: if (i==16)
   364     0022  3010               	movlw	16
   365     0023  0673               	xorwf	kesme@i,w
   366     0024  1903               	btfsc	3,2
   367     0025  2826               	goto	i1l43
   368     0026                     i1l43:
   369     0026  0872               	movf	??_kesme+2,w
   370     0027  00FF               	movwf	127
   371     0028  0871               	movf	??_kesme+1,w
   372     0029  008A               	movwf	10
   373     002A  0E70               	swapf	??_kesme,w
   374     002B  0083               	movwf	3
   375     002C  0EFE               	swapf	126,f
   376     002D  0E7E               	swapf	126,w
   377     002E  0009               	retfie
   378     002F                     __end_of_kesme:
   379     007E                     btemp	set	126	;btemp
   380     007E                     wtemp0	set	126
   381                           
   382                           	psect	intentry
   383     0004                     __pintentry:	
   384                           ;incstack = 0
   385                           ; Regs used in _kesme: [wreg+status,2+status,0+btemp+1]
   386                           
   387     0004                     interrupt_function:
   388     007E                     saved_w	set	btemp
   389     0004  00FE               	movwf	btemp
   390     0005  0E03               	swapf	3,w
   391     0006  00F0               	movwf	??_kesme
   392     0007  080A               	movf	10,w
   393     0008  00F1               	movwf	??_kesme+1
   394     0009  087F               	movf	btemp+1,w
   395     000A  00F2               	movwf	??_kesme+2
   396     000B  120A  118A  2815   	ljmp	_kesme
   397                           
   398                           	psect	config
   399                           
   400                           ;Config register CONFIG @ 0x2007
   401                           ;	Oscillator Selection bits
   402                           ;	FOSC = XT, XT oscillator
   403                           ;	Watchdog Timer Enable bit
   404                           ;	WDTE = OFF, WDT disabled
   405                           ;	Power-up Timer Enable bit
   406                           ;	PWRTE = OFF, PWRT disabled
   407                           ;	Brown-out Reset Enable bit
   408                           ;	BOREN = ON, BOR enabled
   409                           ;	Low-Voltage (Single-Supply) In-Circuit Serial Programming Enable bit
   410                           ;	LVP = ON, RB3/PGM pin has PGM function; low-voltage programming enabled
   411                           ;	Data EEPROM Memory Code Protection bit
   412                           ;	CPD = OFF, Data EEPROM code protection off
   413                           ;	Flash Program Memory Write Enable bits
   414                           ;	WRT = OFF, Write protection off; all program memory may be written to by EECON control
   415                           ;	In-Circuit Debugger Mode bit
   416                           ;	DEBUG = 0x1, unprogrammed default
   417                           ;	Flash Program Memory Code Protection bit
   418                           ;	CP = OFF, Code protection off
   419     2007                     	org	8199
   420     2007  3FF9               	dw	16377

Data Sizes:
    Strings     0
    Constant    0
    Data        0
    BSS         0
    Persistent  0
    Stack       0

Auto Spaces:
    Space          Size  Autos    Used
    COMMON           14      4       4
    BANK0            80      0       0
    BANK1            80      0       0
    BANK3            96      0       0
    BANK2            96      0       0

Pointer List with Targets:

    None.

Critical Paths under _main in COMMON

    None.

Critical Paths under _kesme in COMMON

    None.

Critical Paths under _main in BANK0

    None.

Critical Paths under _kesme in BANK0

    None.

Critical Paths under _main in BANK1

    None.

Critical Paths under _kesme in BANK1

    None.

Critical Paths under _main in BANK3

    None.

Critical Paths under _kesme in BANK3

    None.

Critical Paths under _main in BANK2

    None.

Critical Paths under _kesme in BANK2

    None.

Call Graph Tables:

 ---------------------------------------------------------------------------------
 (Depth) Function   	        Calls       Base Space   Used Autos Params    Refs
 ---------------------------------------------------------------------------------
 (0) _main                                                 0     0      0       0
 ---------------------------------------------------------------------------------
 Estimated maximum stack depth 0
 ---------------------------------------------------------------------------------
 (Depth) Function   	        Calls       Base Space   Used Autos Params    Refs
 ---------------------------------------------------------------------------------
 (1) _kesme                                                4     4      0      30
                                              0 COMMON     4     4      0
 ---------------------------------------------------------------------------------
 Estimated maximum stack depth 1
 ---------------------------------------------------------------------------------

 Call Graph Graphs:

 _main (ROOT)

 _kesme (ROOT)

 Address spaces:
Name               Size   Autos  Total    Cost      Usage
BITCOMMON            E      0       0       0        0.0%
EEDATA             100      0       0       0        0.0%
NULL                 0      0       0       0        0.0%
CODE                 0      0       0       0        0.0%
COMMON               E      4       4       1       28.6%
BITSFR0              0      0       0       1        0.0%
SFR0                 0      0       0       1        0.0%
BITSFR1              0      0       0       2        0.0%
SFR1                 0      0       0       2        0.0%
STACK                0      0       0       2        0.0%
ABS                  0      0       0       3        0.0%
BITBANK0            50      0       0       4        0.0%
BITSFR3              0      0       0       4        0.0%
SFR3                 0      0       0       4        0.0%
BANK0               50      0       0       5        0.0%
BITSFR2              0      0       0       5        0.0%
SFR2                 0      0       0       5        0.0%
BITBANK1            50      0       0       6        0.0%
BANK1               50      0       0       7        0.0%
BITBANK3            60      0       0       8        0.0%
BANK3               60      0       0       9        0.0%
BITBANK2            60      0       0      10        0.0%
BANK2               60      0       0      11        0.0%
DATA                 0      0       0      12        0.0%


Microchip Technology PIC Macro Assembler V2.45 build 20230818022343 
Symbol Table                                                                                   Wed Nov 08 19:54:10 2023

                     l33 0042                      _GIE 005F                      _PS0 0408  
                    _PS1 0409                      _PS2 040A                      _PSA 040B  
                   _T0IE 005D                     _T0IF 005A                     _T0CS 040D  
                   _T0SE 040C                     i1l43 0026                     _TMR0 0001  
                   _main 002F                     btemp 007E                     start 000E  
                  ?_main 0070                    _PORTA 0005                    _PORTB 0006  
                  _TRISA 0085                    _TRISB 0086                    _kesme 0015  
                  pclath 000A                    status 0003                    wtemp0 007E  
        __initialization 0011             __end_of_main 0043                   ??_main 0074  
                 ?_kesme 0070                   kesme@i 0073                   saved_w 007E  
__end_of__initialization 0011           __pcstackCOMMON 0070            __end_of_kesme 002F  
                ??_kesme 0070               __pmaintext 002F               __pintentry 0004  
                __ptext1 0015     end_of_initialization 0011      start_initialization 0011  
              ___latbits 0002        interrupt_function 0004                 intlevel1 0000  
