Message[301] C:\PROGRAM FILES (X86)\MICROCHIP\MPLABX\V3.40\MPASMX\P16F877A.INC 34 : MESSAGE: (Processor-header file mismatch.  Verify selected processor.)
Warning[205] C:\USERS\FURKAN\DESKTOP\MIKRO_LABLAR\DENEY_1.X\DENEY1.ASM 15 : Found directive in column 1. (ORG)
Warning[203] C:\USERS\FURKAN\DESKTOP\MIKRO_LABLAR\DENEY_1.X\DENEY1.ASM 17 : Found opcode in column 1. (BSF)
Warning[203] C:\USERS\FURKAN\DESKTOP\MIKRO_LABLAR\DENEY_1.X\DENEY1.ASM 18 : Found opcode in column 1. (CLRF)
Message[302] C:\USERS\FURKAN\DESKTOP\MIKRO_LABLAR\DENEY_1.X\DENEY1.ASM 18 : Register in operand not in bank 0.  Ensure that bank bits are correct.
Warning[203] C:\USERS\FURKAN\DESKTOP\MIKRO_LABLAR\DENEY_1.X\DENEY1.ASM 19 : Found opcode in column 1. (BCF)
Warning[203] C:\USERS\FURKAN\DESKTOP\MIKRO_LABLAR\DENEY_1.X\DENEY1.ASM 21 : Found opcode in column 1. (MOVLW)
Warning[203] C:\USERS\FURKAN\DESKTOP\MIKRO_LABLAR\DENEY_1.X\DENEY1.ASM 22 : Found opcode in column 1. (MOVWF)
Warning[203] C:\USERS\FURKAN\DESKTOP\MIKRO_LABLAR\DENEY_1.X\DENEY1.ASM 24 : Found opcode in column 1. (CALL)
Warning[203] C:\USERS\FURKAN\DESKTOP\MIKRO_LABLAR\DENEY_1.X\DENEY1.ASM 25 : Found opcode in column 1. (MOVLW)
Warning[203] C:\USERS\FURKAN\DESKTOP\MIKRO_LABLAR\DENEY_1.X\DENEY1.ASM 26 : Found opcode in column 1. (MOVWF)
Warning[203] C:\USERS\FURKAN\DESKTOP\MIKRO_LABLAR\DENEY_1.X\DENEY1.ASM 27 : Found opcode in column 1. (CALL)
Warning[203] C:\USERS\FURKAN\DESKTOP\MIKRO_LABLAR\DENEY_1.X\DENEY1.ASM 28 : Found opcode in column 1. (GOTO)
Warning[203] C:\USERS\FURKAN\DESKTOP\MIKRO_LABLAR\DENEY_1.X\DENEY1.ASM 30 : Found opcode in column 1. (MOVLW)
Warning[203] C:\USERS\FURKAN\DESKTOP\MIKRO_LABLAR\DENEY_1.X\DENEY1.ASM 31 : Found opcode in column 1. (MOVWF)
Warning[203] C:\USERS\FURKAN\DESKTOP\MIKRO_LABLAR\DENEY_1.X\DENEY1.ASM 33 : Found opcode in column 1. (MOVLW)
Warning[203] C:\USERS\FURKAN\DESKTOP\MIKRO_LABLAR\DENEY_1.X\DENEY1.ASM 34 : Found opcode in column 1. (MOVWF)
Warning[203] C:\USERS\FURKAN\DESKTOP\MIKRO_LABLAR\DENEY_1.X\DENEY1.ASM 36 : Found opcode in column 1. (MOVLW)
Warning[203] C:\USERS\FURKAN\DESKTOP\MIKRO_LABLAR\DENEY_1.X\DENEY1.ASM 37 : Found opcode in column 1. (MOVWF)
Warning[203] C:\USERS\FURKAN\DESKTOP\MIKRO_LABLAR\DENEY_1.X\DENEY1.ASM 39 : Found opcode in column 1. (DECFSZ)
Warning[203] C:\USERS\FURKAN\DESKTOP\MIKRO_LABLAR\DENEY_1.X\DENEY1.ASM 40 : Found opcode in column 1. (GOTO)
Warning[203] C:\USERS\FURKAN\DESKTOP\MIKRO_LABLAR\DENEY_1.X\DENEY1.ASM 41 : Found opcode in column 1. (DECFSZ)
Warning[203] C:\USERS\FURKAN\DESKTOP\MIKRO_LABLAR\DENEY_1.X\DENEY1.ASM 42 : Found opcode in column 1. (GOTO)
Warning[203] C:\USERS\FURKAN\DESKTOP\MIKRO_LABLAR\DENEY_1.X\DENEY1.ASM 43 : Found opcode in column 1. (DECFSZ)
Warning[203] C:\USERS\FURKAN\DESKTOP\MIKRO_LABLAR\DENEY_1.X\DENEY1.ASM 44 : Found opcode in column 1. (GOTO)
Warning[203] C:\USERS\FURKAN\DESKTOP\MIKRO_LABLAR\DENEY_1.X\DENEY1.ASM 45 : Found opcode in column 1. (RETURN)
Warning[205] C:\USERS\FURKAN\DESKTOP\MIKRO_LABLAR\DENEY_1.X\DENEY1.ASM 46 : Found directive in column 1. (END)
