

Microchip MPLAB XC8 Assembler V2.45 build 20230818022343 
                                                                                               Tue Oct 31 19:04:22 2023

Microchip MPLAB XC8 C Compiler v2.45 (Free license) build 20230818022343 Og9 
     1                           	processor	16F877A
     2                           	pagewidth 120
     3                           	opt	flic
     4                           	psect	cinit,global,class=CODE,merge=1,delta=2
     5                           	psect	cstackCOMMON,global,class=COMMON,space=1,delta=1,noexec
     6                           	psect	maintext,global,class=CODE,split=1,delta=2
     7                           	psect	config,global,abs,ovrld,class=CONFIG,space=4,delta=2,noexec
     8                           	dabs	1,0x7E,2
     9     0000                     
    10                           ; Generated 18/08/2023 GMT
    11                           ; 
    12                           ; Copyright © 2023, Microchip Technology Inc. and its subsidiaries ("Microchip")
    13                           ; All rights reserved.
    14                           ; 
    15                           ; This software is developed by Microchip Technology Inc. and its subsidiaries ("Microch
      +                          ip").
    16                           ; 
    17                           ; Redistribution and use in source and binary forms, with or without modification, are
    18                           ; permitted provided that the following conditions are met:
    19                           ; 
    20                           ;     1. Redistributions of source code must retain the above copyright notice, this lis
      +                          t of
    21                           ;        conditions and the following disclaimer.
    22                           ; 
    23                           ;     2. Redistributions in binary form must reproduce the above copyright notice, this 
      +                          list
    24                           ;        of conditions and the following disclaimer in the documentation and/or other
    25                           ;        materials provided with the distribution. Publication is not required when
    26                           ;        this file is used in an embedded application.
    27                           ; 
    28                           ;     3. Microchip's name may not be used to endorse or promote products derived from th
      +                          is
    29                           ;        software without specific prior written permission.
    30                           ; 
    31                           ; THIS SOFTWARE IS PROVIDED BY MICROCHIP "AS IS" AND ANY EXPRESS OR IMPLIED WARRANTIES,
    32                           ; INCLUDING, BUT NOT LIMITED TO, THE IMPLIED WARRANTIES OF MERCHANTABILITY AND FITNESS F
      +                          OR
    33                           ; PURPOSE ARE DISCLAIMED.  IN NO EVENT SHALL MICROCHIP BE LIABLE FOR ANY DIRECT, INDIREC
      +                          T,
    34                           ; INCIDENTAL, SPECIAL, EXEMPLARY, OR CONSEQUENTIAL DAMAGES (INCLUDING BUT NOT LIMITED TO
    35                           ; PROCUREMENT OF SUBSTITUTE GOODS OR SERVICES; LOSS OF USE, DATA OR PROFITS; OR BUSINESS
    36                           ; INTERRUPTION) HOWSOEVER CAUSED AND ON ANY THEORY OF LIABILITY, WHETHER IN CONTRACT, ST
      +                          RICT
    37                           ; LIABILITY, OR TORT (INCLUDING NEGLIGENCE OR OTHERWISE) ARISING IN ANY WAY OUT OF THE U
      +                          SE OF
    38                           ; THIS SOFTWARE, EVEN IF ADVISED OF THE POSSIBILITY OF SUCH DAMAGE.
    39                           ; 
    40                           ; 
    41                           ; Code-generator required, PIC16F877A Definitions
    42                           ; 
    43                           ; SFR Addresses
    44     0000                     	;# 
    45     0001                     	;# 
    46     0002                     	;# 
    47     0003                     	;# 
    48     0004                     	;# 
    49     0005                     	;# 
    50     0006                     	;# 
    51     0007                     	;# 
    52     0008                     	;# 
    53     0009                     	;# 
    54     000A                     	;# 
    55     000B                     	;# 
    56     000C                     	;# 
    57     000D                     	;# 
    58     000E                     	;# 
    59     000E                     	;# 
    60     000F                     	;# 
    61     0010                     	;# 
    62     0011                     	;# 
    63     0012                     	;# 
    64     0013                     	;# 
    65     0014                     	;# 
    66     0015                     	;# 
    67     0015                     	;# 
    68     0016                     	;# 
    69     0017                     	;# 
    70     0018                     	;# 
    71     0019                     	;# 
    72     001A                     	;# 
    73     001B                     	;# 
    74     001B                     	;# 
    75     001C                     	;# 
    76     001D                     	;# 
    77     001E                     	;# 
    78     001F                     	;# 
    79     0081                     	;# 
    80     0085                     	;# 
    81     0086                     	;# 
    82     0087                     	;# 
    83     0088                     	;# 
    84     0089                     	;# 
    85     008C                     	;# 
    86     008D                     	;# 
    87     008E                     	;# 
    88     0091                     	;# 
    89     0092                     	;# 
    90     0093                     	;# 
    91     0094                     	;# 
    92     0098                     	;# 
    93     0099                     	;# 
    94     009C                     	;# 
    95     009D                     	;# 
    96     009E                     	;# 
    97     009F                     	;# 
    98     010C                     	;# 
    99     010D                     	;# 
   100     010E                     	;# 
   101     010F                     	;# 
   102     018C                     	;# 
   103     018D                     	;# 
   104     0000                     	;# 
   105     0001                     	;# 
   106     0002                     	;# 
   107     0003                     	;# 
   108     0004                     	;# 
   109     0005                     	;# 
   110     0006                     	;# 
   111     0007                     	;# 
   112     0008                     	;# 
   113     0009                     	;# 
   114     000A                     	;# 
   115     000B                     	;# 
   116     000C                     	;# 
   117     000D                     	;# 
   118     000E                     	;# 
   119     000E                     	;# 
   120     000F                     	;# 
   121     0010                     	;# 
   122     0011                     	;# 
   123     0012                     	;# 
   124     0013                     	;# 
   125     0014                     	;# 
   126     0015                     	;# 
   127     0015                     	;# 
   128     0016                     	;# 
   129     0017                     	;# 
   130     0018                     	;# 
   131     0019                     	;# 
   132     001A                     	;# 
   133     001B                     	;# 
   134     001B                     	;# 
   135     001C                     	;# 
   136     001D                     	;# 
   137     001E                     	;# 
   138     001F                     	;# 
   139     0081                     	;# 
   140     0085                     	;# 
   141     0086                     	;# 
   142     0087                     	;# 
   143     0088                     	;# 
   144     0089                     	;# 
   145     008C                     	;# 
   146     008D                     	;# 
   147     008E                     	;# 
   148     0091                     	;# 
   149     0092                     	;# 
   150     0093                     	;# 
   151     0094                     	;# 
   152     0098                     	;# 
   153     0099                     	;# 
   154     009C                     	;# 
   155     009D                     	;# 
   156     009E                     	;# 
   157     009F                     	;# 
   158     010C                     	;# 
   159     010D                     	;# 
   160     010E                     	;# 
   161     010F                     	;# 
   162     018C                     	;# 
   163     018D                     	;# 
   164     0008                     _PORTD	set	8
   165     0040                     _RD0	set	64
   166     0088                     _TRISD	set	136
   167                           
   168                           	psect	cinit
   169     07FC                     start_initialization:	
   170                           ; #config settings
   171                           
   172     07FC                     __initialization:
   173     07FC                     end_of_initialization:	
   174                           ;End of C runtime variable initialization code
   175                           
   176     07FC                     __end_of__initialization:
   177     07FC  0183               	clrf	3
   178     07FD  120A  118A  2FDF   	ljmp	_main	;jump to C main() function
   179                           
   180                           	psect	cstackCOMMON
   181     0070                     __pcstackCOMMON:
   182     0070                     ?_main:
   183     0070                     ??_main:	
   184                           ; 1 bytes @ 0x0
   185                           
   186                           
   187                           ; 1 bytes @ 0x0
   188     0070                     	ds	2
   189                           
   190                           	psect	maintext
   191     07DF                     __pmaintext:	
   192 ;;
   193 ;;Main: autosize = 0, tempsize = 2, incstack = 0, save=0
   194 ;;
   195 ;; *************** function _main *****************
   196 ;; Defined at:
   197 ;;		line 22 in file "main.c"
   198 ;; Parameters:    Size  Location     Type
   199 ;;		None
   200 ;; Auto vars:     Size  Location     Type
   201 ;;		None
   202 ;; Return value:  Size  Location     Type
   203 ;;                  1    wreg      void 
   204 ;; Registers used:
   205 ;;		wreg, status,2
   206 ;; Tracked objects:
   207 ;;		On entry : B00/0
   208 ;;		On exit  : 0/0
   209 ;;		Unchanged: 0/0
   210 ;; Data sizes:     COMMON   BANK0   BANK1   BANK3   BANK2
   211 ;;      Params:         0       0       0       0       0
   212 ;;      Locals:         0       0       0       0       0
   213 ;;      Temps:          2       0       0       0       0
   214 ;;      Totals:         2       0       0       0       0
   215 ;;Total ram usage:        2 bytes
   216 ;; This function calls:
   217 ;;		Nothing
   218 ;; This function is called by:
   219 ;;		Startup code after reset
   220 ;; This function uses a non-reentrant model
   221 ;;
   222                           
   223     07DF                     _main:	
   224                           ;psect for function _main
   225                           
   226                           
   227                           ;main.c: 24: TRISD = 0;
   228                           
   229                           ;incstack = 0
   230                           ; Regs used in _main: [wreg+status,2]
   231     07DF  1683               	bsf	3,5	;RP0=1, select bank1
   232     07E0  0188               	clrf	8	;volatile
   233                           
   234                           ;main.c: 25: PORTD = 0;
   235     07E1  1283               	bcf	3,5	;RP0=0, select bank0
   236     07E2  0188               	clrf	8	;volatile
   237     07E3                     l549:
   238                           
   239                           ;main.c: 27: {;main.c: 28: RD0 = 1;
   240     07E3  1283               	bcf	3,5	;RP0=0, select bank0
   241     07E4  1303               	bcf	3,6	;RP1=0, select bank0
   242     07E5  1408               	bsf	8,0	;volatile
   243                           
   244                           ;main.c: 29: _delay((unsigned long)((50)*(4000000/4000.0))) ;
   245     07E6  3041               	movlw	65
   246     07E7  00F1               	movwf	??_main+1
   247     07E8  30EE               	movlw	238
   248     07E9  00F0               	movwf	??_main
   249     07EA                     u17:
   250     07EA  0BF0               	decfsz	??_main,f
   251     07EB  2FEA               	goto	u17
   252     07EC  0BF1               	decfsz	??_main+1,f
   253     07ED  2FEA               	goto	u17
   254     07EE  0000               	nop
   255                           
   256                           ;main.c: 30: RD0 = 0;
   257     07EF  1283               	bcf	3,5	;RP0=0, select bank0
   258     07F0  1303               	bcf	3,6	;RP1=0, select bank0
   259     07F1  1008               	bcf	8,0	;volatile
   260                           
   261                           ;main.c: 31: _delay((unsigned long)((50)*(4000000/4000.0))) ;
   262     07F2  3041               	movlw	65
   263     07F3  00F1               	movwf	??_main+1
   264     07F4  30EE               	movlw	238
   265     07F5  00F0               	movwf	??_main
   266     07F6                     u27:
   267     07F6  0BF0               	decfsz	??_main,f
   268     07F7  2FF6               	goto	u27
   269     07F8  0BF1               	decfsz	??_main+1,f
   270     07F9  2FF6               	goto	u27
   271     07FA  0000               	nop
   272     07FB  2FE3               	goto	l549
   273     07FC                     __end_of_main:
   274     007E                     btemp	set	126	;btemp
   275     007E                     wtemp0	set	126
   276                           
   277                           	psect	config
   278                           
   279                           ;Config register CONFIG @ 0x2007
   280                           ;	Oscillator Selection bits
   281                           ;	FOSC = XT, XT oscillator
   282                           ;	Watchdog Timer Enable bit
   283                           ;	WDTE = ON, WDT enabled
   284                           ;	Power-up Timer Enable bit
   285                           ;	PWRTE = OFF, PWRT disabled
   286                           ;	Brown-out Reset Enable bit
   287                           ;	BOREN = ON, BOR enabled
   288                           ;	Low-Voltage (Single-Supply) In-Circuit Serial Programming Enable bit
   289                           ;	LVP = ON, RB3/PGM pin has PGM function; low-voltage programming enabled
   290                           ;	Data EEPROM Memory Code Protection bit
   291                           ;	CPD = OFF, Data EEPROM code protection off
   292                           ;	Flash Program Memory Write Enable bits
   293                           ;	WRT = OFF, Write protection off; all program memory may be written to by EECON control
   294                           ;	In-Circuit Debugger Mode bit
   295                           ;	DEBUG = 0x1, unprogrammed default
   296                           ;	Flash Program Memory Code Protection bit
   297                           ;	CP = OFF, Code protection off
   298     2007                     	org	8199
   299     2007  3FFD               	dw	16381

Data Sizes:
    Strings     0
    Constant    0
    Data        0
    BSS         0
    Persistent  0
    Stack       0

Auto Spaces:
    Space          Size  Autos    Used
    COMMON           14      2       2
    BANK0            80      0       0
    BANK1            80      0       0
    BANK3            96      0       0
    BANK2            96      0       0

Pointer List with Targets:

    None.

Critical Paths under _main in COMMON

    None.

Critical Paths under _main in BANK0

    None.

Critical Paths under _main in BANK1

    None.

Critical Paths under _main in BANK3

    None.

Critical Paths under _main in BANK2

    None.

Call Graph Tables:

 ---------------------------------------------------------------------------------
 (Depth) Function   	        Calls       Base Space   Used Autos Params    Refs
 ---------------------------------------------------------------------------------
 (0) _main                                                 2     2      0       0
                                              0 COMMON     2     2      0
 ---------------------------------------------------------------------------------
 Estimated maximum stack depth 0
 ---------------------------------------------------------------------------------

 Call Graph Graphs:

 _main (ROOT)

 Address spaces:
Name               Size   Autos  Total    Cost      Usage
BITCOMMON            E      0       0       0        0.0%
EEDATA             100      0       0       0        0.0%
NULL                 0      0       0       0        0.0%
CODE                 0      0       0       0        0.0%
COMMON               E      2       2       1       14.3%
BITSFR0              0      0       0       1        0.0%
SFR0                 0      0       0       1        0.0%
BITSFR1              0      0       0       2        0.0%
SFR1                 0      0       0       2        0.0%
STACK                0      0       0       2        0.0%
ABS                  0      0       0       3        0.0%
BITBANK0            50      0       0       4        0.0%
BITSFR3              0      0       0       4        0.0%
SFR3                 0      0       0       4        0.0%
BANK0               50      0       0       5        0.0%
BITSFR2              0      0       0       5        0.0%
SFR2                 0      0       0       5        0.0%
BITBANK1            50      0       0       6        0.0%
BANK1               50      0       0       7        0.0%
BITBANK3            60      0       0       8        0.0%
BANK3               60      0       0       9        0.0%
BITBANK2            60      0       0      10        0.0%
BANK2               60      0       0      11        0.0%
DATA                 0      0       0      12        0.0%


Microchip Technology PIC Macro Assembler V2.45 build 20230818022343 
Symbol Table                                                                                   Tue Oct 31 19:04:22 2023

                     u17 07EA                       u27 07F6                      l549 07E3  
                    _RD0 0040                     _main 07DF                     btemp 007E  
                   start 0000                    ?_main 0070                    _PORTD 0008  
                  _TRISD 0088                    status 0003                    wtemp0 007E  
        __initialization 07FC             __end_of_main 07FC                   ??_main 0070  
__end_of__initialization 07FC           __pcstackCOMMON 0070               __pmaintext 07DF  
   end_of_initialization 07FC      start_initialization 07FC                ___latbits 0002  
